[2026-06-10 09:13:33Z INFO HostContext] No proxy settings were found based on environmental variables (http_proxy/https_proxy/HTTP_PROXY/HTTPS_PROXY)
[2026-06-10 09:13:33Z INFO HostContext] Well known directory 'Bin': 'C:\zaltix\day1-task\zero-downtime-demo-\actions-runner\bin'
[2026-06-10 09:13:33Z INFO HostContext] Well known directory 'Root': 'C:\zaltix\day1-task\zero-downtime-demo-\actions-runner'
[2026-06-10 09:13:33Z INFO HostContext] Well known config file 'Credentials': 'C:\zaltix\day1-task\zero-downtime-demo-\actions-runner\.credentials'
[2026-06-10 09:13:33Z INFO HostContext] Well known directory 'Bin': 'C:\zaltix\day1-task\zero-downtime-demo-\actions-runner\bin'
[2026-06-10 09:13:33Z INFO HostContext] Well known directory 'Root': 'C:\zaltix\day1-task\zero-downtime-demo-\actions-runner'
[2026-06-10 09:13:33Z INFO HostContext] Well known config file 'Runner': 'C:\zaltix\day1-task\zero-downtime-demo-\actions-runner\.runner'
[2026-06-10 09:13:33Z INFO Listener] Runner is built for Windows (X64) - win-x64.
[2026-06-10 09:13:33Z INFO Listener] RuntimeInformation: Microsoft Windows 10.0.26200.
[2026-06-10 09:13:33Z INFO Listener] Version: 2.334.0
[2026-06-10 09:13:33Z INFO Listener] Commit: f1995ede5d885c997d13d8eca5467c4ce97fe69c
[2026-06-10 09:13:33Z INFO Listener] Culture: en-IN
[2026-06-10 09:13:33Z INFO Listener] UI Culture: en-US
[2026-06-10 09:13:33Z INFO HostContext] Well known directory 'Bin': 'C:\zaltix\day1-task\zero-downtime-demo-\actions-runner\bin'
[2026-06-10 09:13:33Z INFO HostContext] Well known directory 'Root': 'C:\zaltix\day1-task\zero-downtime-demo-\actions-runner'
[2026-06-10 09:13:33Z INFO Listener] Validating directory permissions for: 'C:\zaltix\day1-task\zero-downtime-demo-\actions-runner'
[2026-06-10 09:13:33Z INFO CommandLineParser] Parse
[2026-06-10 09:13:33Z INFO CommandLineParser] Parsing 1 args
[2026-06-10 09:13:33Z INFO CommandLineParser] parsing argument
[2026-06-10 09:13:33Z INFO CommandLineParser] HasArgs: False
[2026-06-10 09:13:33Z INFO CommandLineParser] Adding Command: run
[2026-06-10 09:13:33Z INFO Listener] Arguments parsed
[2026-06-10 09:13:33Z INFO Runner] ExecuteCommand
[2026-06-10 09:13:33Z INFO ConfigurationStore] currentAssemblyLocation: C:\zaltix\day1-task\zero-downtime-demo-\actions-runner\bin\Runner.Listener.dll
[2026-06-10 09:13:33Z INFO HostContext] Well known directory 'Bin': 'C:\zaltix\day1-task\zero-downtime-demo-\actions-runner\bin'
[2026-06-10 09:13:33Z INFO ConfigurationStore] binPath: C:\zaltix\day1-task\zero-downtime-demo-\actions-runner\bin
[2026-06-10 09:13:33Z INFO HostContext] Well known directory 'Bin': 'C:\zaltix\day1-task\zero-downtime-demo-\actions-runner\bin'
[2026-06-10 09:13:33Z INFO HostContext] Well known directory 'Root': 'C:\zaltix\day1-task\zero-downtime-demo-\actions-runner'
[2026-06-10 09:13:33Z INFO ConfigurationStore] RootFolder: C:\zaltix\day1-task\zero-downtime-demo-\actions-runner
[2026-06-10 09:13:33Z INFO HostContext] Well known directory 'Bin': 'C:\zaltix\day1-task\zero-downtime-demo-\actions-runner\bin'
[2026-06-10 09:13:33Z INFO HostContext] Well known directory 'Root': 'C:\zaltix\day1-task\zero-downtime-demo-\actions-runner'
[2026-06-10 09:13:33Z INFO HostContext] Well known config file 'Runner': 'C:\zaltix\day1-task\zero-downtime-demo-\actions-runner\.runner'
[2026-06-10 09:13:33Z INFO ConfigurationStore] ConfigFilePath: C:\zaltix\day1-task\zero-downtime-demo-\actions-runner\.runner
[2026-06-10 09:13:33Z INFO HostContext] Well known directory 'Bin': 'C:\zaltix\day1-task\zero-downtime-demo-\actions-runner\bin'
[2026-06-10 09:13:33Z INFO HostContext] Well known directory 'Root': 'C:\zaltix\day1-task\zero-downtime-demo-\actions-runner'
[2026-06-10 09:13:33Z INFO HostContext] Well known config file 'MigratedRunner': 'C:\zaltix\day1-task\zero-downtime-demo-\actions-runner\.runner_migrated'
[2026-06-10 09:13:33Z INFO ConfigurationStore] MigratedConfigFilePath: C:\zaltix\day1-task\zero-downtime-demo-\actions-runner\.runner_migrated
[2026-06-10 09:13:33Z INFO HostContext] Well known directory 'Bin': 'C:\zaltix\day1-task\zero-downtime-demo-\actions-runner\bin'
[2026-06-10 09:13:33Z INFO HostContext] Well known directory 'Root': 'C:\zaltix\day1-task\zero-downtime-demo-\actions-runner'
[2026-06-10 09:13:33Z INFO HostContext] Well known config file 'Credentials': 'C:\zaltix\day1-task\zero-downtime-demo-\actions-runner\.credentials'
[2026-06-10 09:13:33Z INFO ConfigurationStore] CredFilePath: C:\zaltix\day1-task\zero-downtime-demo-\actions-runner\.credentials
[2026-06-10 09:13:33Z INFO HostContext] Well known directory 'Bin': 'C:\zaltix\day1-task\zero-downtime-demo-\actions-runner\bin'
[2026-06-10 09:13:33Z INFO HostContext] Well known directory 'Root': 'C:\zaltix\day1-task\zero-downtime-demo-\actions-runner'
[2026-06-10 09:13:33Z INFO HostContext] Well known config file 'MigratedCredentials': 'C:\zaltix\day1-task\zero-downtime-demo-\actions-runner\.credentials_migrated'
[2026-06-10 09:13:33Z INFO ConfigurationStore] MigratedCredFilePath: C:\zaltix\day1-task\zero-downtime-demo-\actions-runner\.credentials_migrated
[2026-06-10 09:13:33Z INFO HostContext] Well known directory 'Bin': 'C:\zaltix\day1-task\zero-downtime-demo-\actions-runner\bin'
[2026-06-10 09:13:33Z INFO HostContext] Well known directory 'Root': 'C:\zaltix\day1-task\zero-downtime-demo-\actions-runner'
[2026-06-10 09:13:33Z INFO HostContext] Well known config file 'Service': 'C:\zaltix\day1-task\zero-downtime-demo-\actions-runner\.service'
[2026-06-10 09:13:33Z INFO ConfigurationStore] ServiceConfigFilePath: C:\zaltix\day1-task\zero-downtime-demo-\actions-runner\.service
[2026-06-10 09:13:33Z INFO CommandSettings] Flag 'help': 'False'
[2026-06-10 09:13:33Z INFO CommandSettings] Flag 'version': 'False'
[2026-06-10 09:13:33Z INFO CommandSettings] Flag 'commit': 'False'
[2026-06-10 09:13:33Z INFO CommandSettings] Flag 'check': 'False'
[2026-06-10 09:13:33Z INFO CommandSettings] Command 'configure': 'False'
[2026-06-10 09:13:33Z INFO CommandSettings] Command 'remove': 'False'
[2026-06-10 09:13:33Z INFO CommandSettings] Command 'warmup': 'False'
[2026-06-10 09:13:33Z INFO ConfigurationManager] LoadSettings
[2026-06-10 09:13:33Z INFO ConfigurationStore] IsConfigured()
[2026-06-10 09:13:33Z INFO ConfigurationStore] IsConfigured: True
[2026-06-10 09:13:33Z INFO ConfigurationManager] Is configured: True
[2026-06-10 09:13:33Z INFO ConfigurationStore] Read setting file: 410 chars
[2026-06-10 09:13:33Z INFO ConfigurationManager] Settings Loaded
[2026-06-10 09:13:33Z INFO ConfigurationStore] IsServiceConfigured()
[2026-06-10 09:13:33Z INFO ConfigurationStore] IsServiceConfigured: False
[2026-06-10 09:13:33Z INFO CommandSettings] Command 'run': 'True'
[2026-06-10 09:13:33Z INFO ConfigurationStore] IsConfigured()
[2026-06-10 09:13:33Z INFO ConfigurationStore] IsConfigured: True
[2026-06-10 09:13:33Z INFO ConfigurationManager] Is configured: True
[2026-06-10 09:13:33Z INFO Runner] Could not parse the argument value '' for StartupType. Defaulting to Manual
[2026-06-10 09:13:33Z INFO Runner] Set runner startup type - Manual
[2026-06-10 09:13:33Z INFO CommandSettings] Flag 'once': 'False'
[2026-06-10 09:13:33Z INFO CommandSettings] Flag 'once': 'False'
[2026-06-10 09:13:33Z INFO Runner] RunAsync
[2026-06-10 09:13:33Z INFO HostContext] Well known directory 'Bin': 'C:\zaltix\day1-task\zero-downtime-demo-\actions-runner\bin'
[2026-06-10 09:13:33Z INFO HostContext] Well known directory 'Root': 'C:\zaltix\day1-task\zero-downtime-demo-\actions-runner'
[2026-06-10 09:13:33Z INFO HostContext] Well known directory 'Work': 'C:\zaltix\day1-task\zero-downtime-demo-\actions-runner\_work'
[2026-06-10 09:13:33Z INFO Runner] Validating directory permissions for: 'C:\zaltix\day1-task\zero-downtime-demo-\actions-runner\_work'
[2026-06-10 09:13:33Z INFO ConfigurationManager] LoadMigratedSettings
[2026-06-10 09:13:33Z INFO ConfigurationStore] IsMigratedConfigured()
[2026-06-10 09:13:33Z INFO ConfigurationStore] IsMigratedConfigured: False
[2026-06-10 09:13:33Z INFO Runner] Failed to load migrated settings: No migrated configuration found.
[2026-06-10 09:13:33Z INFO Runner] Falling back to original .runner settings
[2026-06-10 09:13:33Z INFO Runner] Using BrokerMessageListener
[2026-06-10 09:13:33Z INFO BrokerMessageListener] Using provided settings
[2026-06-10 09:13:34Z INFO BrokerMessageListener] {
  "AgentId": 3,
  "AgentName": "runner",
  "PoolId": 1,
  "PoolName": "Default",
  "ServerUrl": "https://pipelinesghubeus23.actions.githubusercontent.com/267MkArQmtAf4VoDHRpQMuLDB3sWzXxJD0GNGjx0945sSYq4C0/",
  "GitHubUrl": "https://github.com/gunnalaajay1234-maker/zero-downtime-demo",
  "WorkFolder": "_work",
  "UseV2Flow": true,
  "ServerUrlV2": "https://broker.actions.githubusercontent.com/"
}
[2026-06-10 09:13:34Z INFO BrokerMessageListener] Loading Credentials
[2026-06-10 09:13:34Z INFO ConfigurationStore] HasCredentials()
[2026-06-10 09:13:34Z INFO ConfigurationStore] stored True
[2026-06-10 09:13:34Z INFO CredentialManager] GetCredentialProvider
[2026-06-10 09:13:34Z INFO CredentialManager] Creating type OAuth
[2026-06-10 09:13:34Z INFO CredentialManager] Creating credential type: OAuth
[2026-06-10 09:13:34Z INFO HostContext] Well known directory 'Bin': 'C:\zaltix\day1-task\zero-downtime-demo-\actions-runner\bin'
[2026-06-10 09:13:34Z INFO HostContext] Well known directory 'Root': 'C:\zaltix\day1-task\zero-downtime-demo-\actions-runner'
[2026-06-10 09:13:34Z INFO HostContext] Well known config file 'RSACredentials': 'C:\zaltix\day1-task\zero-downtime-demo-\actions-runner\.credentials_rsaparams'
[2026-06-10 09:13:34Z INFO RSAEncryptedFileKeyManager] Loading RSA key parameters from file C:\zaltix\day1-task\zero-downtime-demo-\actions-runner\.credentials_rsaparams
[2026-06-10 09:13:34Z INFO BrokerMessageListener] Attempt to create session.
[2026-06-10 09:13:34Z INFO BrokerMessageListener] Connecting to the Broker Server...
[2026-06-10 09:13:34Z INFO ConfigurationStore] HasCredentials()
[2026-06-10 09:13:34Z INFO ConfigurationStore] stored True
[2026-06-10 09:13:34Z INFO CredentialManager] GetCredentialProvider
[2026-06-10 09:13:34Z INFO CredentialManager] Creating type OAuth
[2026-06-10 09:13:34Z INFO CredentialManager] Creating credential type: OAuth
[2026-06-10 09:13:34Z INFO RSAEncryptedFileKeyManager] Loading RSA key parameters from file C:\zaltix\day1-task\zero-downtime-demo-\actions-runner\.credentials_rsaparams
[2026-06-10 09:13:34Z INFO BrokerMessageListener] VssConnection created
[2026-06-10 09:13:34Z INFO BrokerMessageListener] Connecting to the Runner server...
[2026-06-10 09:13:34Z INFO RunnerServer] EstablishVssConnection
[2026-06-10 09:13:34Z INFO RunnerServer] Establish connection with 100 seconds timeout.
[2026-06-10 09:13:34Z INFO GitHubActionsService] Starting operation Location.GetConnectionData
[2026-06-10 09:13:34Z INFO RunnerServer] EstablishVssConnection
[2026-06-10 09:13:34Z INFO RunnerServer] Establish connection with 60 seconds timeout.
[2026-06-10 09:13:34Z INFO GitHubActionsService] Starting operation Location.GetConnectionData
[2026-06-10 09:13:34Z INFO RunnerServer] EstablishVssConnection
[2026-06-10 09:13:34Z INFO RunnerServer] Establish connection with 60 seconds timeout.
[2026-06-10 09:13:34Z INFO GitHubActionsService] Starting operation Location.GetConnectionData
[2026-06-10 09:13:35Z INFO GitHubActionsService] Finished operation Location.GetConnectionData
[2026-06-10 09:13:35Z INFO GitHubActionsService] Finished operation Location.GetConnectionData
[2026-06-10 09:13:35Z INFO GitHubActionsService] Finished operation Location.GetConnectionData
[2026-06-10 09:13:35Z INFO BrokerMessageListener] VssConnection created
[2026-06-10 09:13:35Z INFO Terminal] WRITE LINE: 
[2026-06-10 09:13:35Z INFO Terminal] WRITE LINE: 
[2026-06-10 09:13:35Z INFO RSAEncryptedFileKeyManager] Loading RSA key parameters from file C:\zaltix\day1-task\zero-downtime-demo-\actions-runner\.credentials_rsaparams
[2026-06-10 09:13:35Z INFO RSAEncryptedFileKeyManager] Loading RSA key parameters from file C:\zaltix\day1-task\zero-downtime-demo-\actions-runner\.credentials_rsaparams
[2026-06-10 09:15:15Z WARN GitHubActionsService] Retrieving an AAD auth token took a long time (100.0101611 seconds)
[2026-06-10 09:15:15Z WARN GitHubActionsService] POST request to https://broker.actions.githubusercontent.com/session timed out after 100 seconds.
[2026-06-10 09:15:15Z ERR  BrokerMessageListener] Catch exception during create session.
[2026-06-10 09:15:15Z ERR  BrokerMessageListener] System.TimeoutException: The HTTP request timed out after 00:01:40.
 ---> System.Threading.Tasks.TaskCanceledException: A task was canceled.
 ---> System.Threading.Tasks.TaskCanceledException: A task was canceled.
   at System.Threading.Tasks.TaskCompletionSourceWithCancellation`1.WaitWithCancellationAsync(CancellationToken cancellationToken)
   at System.Net.Http.HttpConnectionPool.SendWithVersionDetectionAndRetryAsync(HttpRequestMessage request, Boolean async, Boolean doRequestAuth, CancellationToken cancellationToken)
   at System.Net.Http.RedirectHandler.SendAsync(HttpRequestMessage request, Boolean async, CancellationToken cancellationToken)
   at GitHub.Services.Common.VssHttpRetryMessageHandler.SendAsync(HttpRequestMessage request, CancellationToken cancellationToken)
   at System.Net.Http.HttpClient.<SendAsync>g__Core|83_0(HttpRequestMessage request, HttpCompletionOption completionOption, CancellationTokenSource cts, Boolean disposeCts, CancellationTokenSource pendingRequestsCts, CancellationToken originalCancellationToken)
   --- End of inner exception stack trace ---
   at System.Net.Http.HttpClient.HandleFailure(Exception e, Boolean telemetryStarted, HttpResponseMessage response, CancellationTokenSource cts, CancellationToken cancellationToken, CancellationTokenSource pendingRequestsCts)
   at System.Net.Http.HttpClient.<SendAsync>g__Core|83_0(HttpRequestMessage request, HttpCompletionOption completionOption, CancellationTokenSource cts, Boolean disposeCts, CancellationTokenSource pendingRequestsCts, CancellationToken originalCancellationToken)
   at GitHub.Services.OAuth.VssOAuthTokenHttpClient.GetTokenAsync(VssOAuthGrant grant, VssOAuthClientCredential credential, VssOAuthTokenParameters tokenParameters, CancellationToken cancellationToken)
   at GitHub.Services.OAuth.VssOAuthTokenProvider.OnGetTokenAsync(IssuedToken failedToken, CancellationToken cancellationToken)
   at GitHub.Services.Common.IssuedTokenProvider.GetTokenOperation.GetTokenAsync(VssTraceActivity traceActivity)
   at GitHub.Services.Common.IssuedTokenProvider.GetTokenAsync(IssuedToken failedToken, CancellationToken cancellationToken)
   at GitHub.Services.Common.RawHttpMessageHandler.SendAsync(HttpRequestMessage request, CancellationToken cancellationToken)
   --- End of inner exception stack trace ---
   at GitHub.Services.Common.RawHttpMessageHandler.SendAsync(HttpRequestMessage request, CancellationToken cancellationToken)
   at GitHub.Services.Common.VssHttpRetryMessageHandler.SendAsync(HttpRequestMessage request, CancellationToken cancellationToken)
   at System.Net.Http.HttpClient.<SendAsync>g__Core|83_0(HttpRequestMessage request, HttpCompletionOption completionOption, CancellationTokenSource cts, Boolean disposeCts, CancellationTokenSource pendingRequestsCts, CancellationToken originalCancellationToken)
   at Sdk.WebApi.WebApi.RawHttpClientBase.SendAsync(HttpRequestMessage message, HttpCompletionOption completionOption, Object userState, CancellationToken cancellationToken)
   at Sdk.WebApi.WebApi.RawHttpClientBase.SendAsync[T](HttpRequestMessage message, Boolean readErrorBody, Object userState, CancellationToken cancellationToken)
   at Sdk.WebApi.WebApi.RawHttpClientBase.SendAsync[T](HttpMethod method, IEnumerable`1 additionalHeaders, Uri requestUri, HttpContent content, IEnumerable`1 queryParameters, Boolean readErrorBody, Object userState, CancellationToken cancellationToken)
   at GitHub.Actions.RunService.WebApi.BrokerHttpClient.CreateSessionAsync(TaskAgentSession session, CancellationToken cancellationToken)
   at GitHub.Runner.Common.BrokerServer.CreateSessionAsync(TaskAgentSession session, CancellationToken cancellationToken)
   at GitHub.Runner.Listener.BrokerMessageListener.CreateSessionAsync(CancellationToken token)
[2026-06-10 09:15:15Z ERR  BrokerMessageListener] #####################################################
[2026-06-10 09:15:15Z ERR  BrokerMessageListener] System.Threading.Tasks.TaskCanceledException: A task was canceled.
 ---> System.Threading.Tasks.TaskCanceledException: A task was canceled.
   at System.Threading.Tasks.TaskCompletionSourceWithCancellation`1.WaitWithCancellationAsync(CancellationToken cancellationToken)
   at System.Net.Http.HttpConnectionPool.SendWithVersionDetectionAndRetryAsync(HttpRequestMessage request, Boolean async, Boolean doRequestAuth, CancellationToken cancellationToken)
   at System.Net.Http.RedirectHandler.SendAsync(HttpRequestMessage request, Boolean async, CancellationToken cancellationToken)
   at GitHub.Services.Common.VssHttpRetryMessageHandler.SendAsync(HttpRequestMessage request, CancellationToken cancellationToken)
   at System.Net.Http.HttpClient.<SendAsync>g__Core|83_0(HttpRequestMessage request, HttpCompletionOption completionOption, CancellationTokenSource cts, Boolean disposeCts, CancellationTokenSource pendingRequestsCts, CancellationToken originalCancellationToken)
   --- End of inner exception stack trace ---
   at System.Net.Http.HttpClient.HandleFailure(Exception e, Boolean telemetryStarted, HttpResponseMessage response, CancellationTokenSource cts, CancellationToken cancellationToken, CancellationTokenSource pendingRequestsCts)
   at System.Net.Http.HttpClient.<SendAsync>g__Core|83_0(HttpRequestMessage request, HttpCompletionOption completionOption, CancellationTokenSource cts, Boolean disposeCts, CancellationTokenSource pendingRequestsCts, CancellationToken originalCancellationToken)
   at GitHub.Services.OAuth.VssOAuthTokenHttpClient.GetTokenAsync(VssOAuthGrant grant, VssOAuthClientCredential credential, VssOAuthTokenParameters tokenParameters, CancellationToken cancellationToken)
   at GitHub.Services.OAuth.VssOAuthTokenProvider.OnGetTokenAsync(IssuedToken failedToken, CancellationToken cancellationToken)
   at GitHub.Services.Common.IssuedTokenProvider.GetTokenOperation.GetTokenAsync(VssTraceActivity traceActivity)
   at GitHub.Services.Common.IssuedTokenProvider.GetTokenAsync(IssuedToken failedToken, CancellationToken cancellationToken)
   at GitHub.Services.Common.RawHttpMessageHandler.SendAsync(HttpRequestMessage request, CancellationToken cancellationToken)
[2026-06-10 09:15:15Z ERR  BrokerMessageListener] #####################################################
[2026-06-10 09:15:15Z ERR  BrokerMessageListener] System.Threading.Tasks.TaskCanceledException: A task was canceled.
   at System.Threading.Tasks.TaskCompletionSourceWithCancellation`1.WaitWithCancellationAsync(CancellationToken cancellationToken)
   at System.Net.Http.HttpConnectionPool.SendWithVersionDetectionAndRetryAsync(HttpRequestMessage request, Boolean async, Boolean doRequestAuth, CancellationToken cancellationToken)
   at System.Net.Http.RedirectHandler.SendAsync(HttpRequestMessage request, Boolean async, CancellationToken cancellationToken)
   at GitHub.Services.Common.VssHttpRetryMessageHandler.SendAsync(HttpRequestMessage request, CancellationToken cancellationToken)
   at System.Net.Http.HttpClient.<SendAsync>g__Core|83_0(HttpRequestMessage request, HttpCompletionOption completionOption, CancellationTokenSource cts, Boolean disposeCts, CancellationTokenSource pendingRequestsCts, CancellationToken originalCancellationToken)
[2026-06-10 09:15:15Z INFO BrokerMessageListener] Retriable exception: The HTTP request timed out after 00:01:40.
[2026-06-10 09:15:15Z ERR  Terminal] WRITE ERROR: 2026-06-10 09:15:15Z: Runner connect error: The HTTP request timed out after 00:01:40.. Retrying until reconnected.
[2026-06-10 09:15:15Z INFO BrokerMessageListener] Sleeping for 30 seconds before retrying.
[2026-06-10 09:15:45Z INFO BrokerMessageListener] Attempt to create session.
[2026-06-10 09:15:45Z INFO BrokerMessageListener] Connecting to the Broker Server...
[2026-06-10 09:15:45Z INFO ConfigurationStore] HasCredentials()
[2026-06-10 09:15:45Z INFO ConfigurationStore] stored True
[2026-06-10 09:15:45Z INFO CredentialManager] GetCredentialProvider
[2026-06-10 09:15:45Z INFO CredentialManager] Creating type OAuth
[2026-06-10 09:15:45Z INFO CredentialManager] Creating credential type: OAuth
[2026-06-10 09:15:45Z INFO RSAEncryptedFileKeyManager] Loading RSA key parameters from file C:\zaltix\day1-task\zero-downtime-demo-\actions-runner\.credentials_rsaparams
[2026-06-10 09:15:45Z INFO BrokerMessageListener] VssConnection created
[2026-06-10 09:15:45Z INFO BrokerMessageListener] Connecting to the Runner server...
[2026-06-10 09:15:45Z INFO RunnerServer] EstablishVssConnection
[2026-06-10 09:15:45Z INFO RunnerServer] Establish connection with 100 seconds timeout.
[2026-06-10 09:15:45Z INFO GitHubActionsService] Starting operation Location.GetConnectionData
[2026-06-10 09:15:45Z INFO RunnerServer] EstablishVssConnection
[2026-06-10 09:15:45Z INFO RunnerServer] Establish connection with 60 seconds timeout.
[2026-06-10 09:15:45Z INFO GitHubActionsService] Starting operation Location.GetConnectionData
[2026-06-10 09:15:45Z INFO RunnerServer] EstablishVssConnection
[2026-06-10 09:15:45Z INFO RunnerServer] Establish connection with 60 seconds timeout.
[2026-06-10 09:15:45Z INFO GitHubActionsService] Starting operation Location.GetConnectionData
[2026-06-10 09:15:47Z INFO GitHubActionsService] Finished operation Location.GetConnectionData
[2026-06-10 09:15:47Z INFO GitHubActionsService] Finished operation Location.GetConnectionData
[2026-06-10 09:15:47Z INFO GitHubActionsService] Finished operation Location.GetConnectionData
[2026-06-10 09:15:47Z INFO BrokerMessageListener] VssConnection created
[2026-06-10 09:15:47Z INFO Terminal] WRITE LINE: 
[2026-06-10 09:15:47Z INFO Terminal] WRITE LINE: 
[2026-06-10 09:15:47Z INFO RSAEncryptedFileKeyManager] Loading RSA key parameters from file C:\zaltix\day1-task\zero-downtime-demo-\actions-runner\.credentials_rsaparams
[2026-06-10 09:15:47Z INFO RSAEncryptedFileKeyManager] Loading RSA key parameters from file C:\zaltix\day1-task\zero-downtime-demo-\actions-runner\.credentials_rsaparams
[2026-06-10 09:15:50Z INFO GitHubActionsService] AAD Correlation ID for this token request: Unknown
[2026-06-10 09:15:50Z WARN GitHubActionsService] Retrieving an AAD auth token took a long time (2.680488 seconds)
[2026-06-10 09:15:51Z INFO BrokerMessageListener] Session created.
[2026-06-10 09:15:51Z INFO Terminal] WRITE LINE: 2026-06-10 09:15:51Z: Runner reconnected.
[2026-06-10 09:15:51Z INFO Terminal] WRITE LINE: Current runner version: '2.334.0'
[2026-06-10 09:15:51Z INFO Terminal] WRITE LINE: 2026-06-10 09:15:51Z: Listening for Jobs
[2026-06-10 09:15:51Z INFO JobDispatcher] Set runner/worker IPC timeout to 30 seconds.
[2026-06-10 09:19:10Z INFO BrokerMessageListener] Acknowledging runner request '5605a230-ce0d-515a-be37-cb4b1a63d4bd'.
[2026-06-10 09:19:11Z INFO ConfigurationStore] HasCredentials()
[2026-06-10 09:19:11Z INFO ConfigurationStore] stored True
[2026-06-10 09:19:11Z INFO CredentialManager] GetCredentialProvider
[2026-06-10 09:19:11Z INFO CredentialManager] Creating type OAuth
[2026-06-10 09:19:11Z INFO CredentialManager] Creating credential type: OAuth
[2026-06-10 09:19:11Z INFO RSAEncryptedFileKeyManager] Loading RSA key parameters from file C:\zaltix\day1-task\zero-downtime-demo-\actions-runner\.credentials_rsaparams
[2026-06-10 09:19:11Z INFO RSAEncryptedFileKeyManager] Loading RSA key parameters from file C:\zaltix\day1-task\zero-downtime-demo-\actions-runner\.credentials_rsaparams
[2026-06-10 09:19:11Z INFO RSAEncryptedFileKeyManager] Loading RSA key parameters from file C:\zaltix\day1-task\zero-downtime-demo-\actions-runner\.credentials_rsaparams
[2026-06-10 09:19:12Z INFO GitHubActionsService] AAD Correlation ID for this token request: Unknown
[2026-06-10 09:19:15Z INFO JobDispatcher] Job request 0 for plan 5b0c6a42-f48e-4a9c-804d-90c63d6fa0a8 job 5605a230-ce0d-515a-be37-cb4b1a63d4bd received.
[2026-06-10 09:19:15Z INFO JobDispatcher] Pull OrchestrationId 5b0c6a42-f48e-4a9c-804d-90c63d6fa0a8.deploy.__default from JWT claims
[2026-06-10 09:19:15Z INFO BrokerMessageListener] Received job status event. JobState: Busy
[2026-06-10 09:19:15Z INFO BrokerMessageListener] _getMessagesTokenSource is already disposed.
[2026-06-10 09:19:15Z INFO Terminal] WRITE LINE: 2026-06-10 09:19:15Z: Running job: deploy
[2026-06-10 09:19:15Z INFO JobDispatcher] Start renew job request 0 for job 5605a230-ce0d-515a-be37-cb4b1a63d4bd.
[2026-06-10 09:19:17Z INFO JobDispatcher] Successfully renew job 5605a230-ce0d-515a-be37-cb4b1a63d4bd, job is valid till 10-06-2026 09:29:17
[2026-06-10 09:19:17Z INFO HostContext] Well known directory 'Bin': 'C:\zaltix\day1-task\zero-downtime-demo-\actions-runner\bin'
[2026-06-10 09:19:17Z INFO ProcessInvokerWrapper] Starting process:
[2026-06-10 09:19:17Z INFO ProcessInvokerWrapper]   File name: 'C:\zaltix\day1-task\zero-downtime-demo-\actions-runner\bin\Runner.Worker.exe'
[2026-06-10 09:19:17Z INFO ProcessInvokerWrapper]   Arguments: 'spawnclient 1364 1516'
[2026-06-10 09:19:17Z INFO ProcessInvokerWrapper]   Working directory: 'C:\zaltix\day1-task\zero-downtime-demo-\actions-runner\bin'
[2026-06-10 09:19:17Z INFO ProcessInvokerWrapper]   Require exit code zero: 'False'
[2026-06-10 09:19:17Z INFO ProcessInvokerWrapper]   Encoding web name:  ; code page: ''
[2026-06-10 09:19:17Z INFO ProcessInvokerWrapper]   Force kill process on cancellation: 'True'
[2026-06-10 09:19:17Z INFO ProcessInvokerWrapper]   Redirected STDIN: 'False'
[2026-06-10 09:19:17Z INFO ProcessInvokerWrapper]   Persist current code page: 'False'
[2026-06-10 09:19:17Z INFO ProcessInvokerWrapper]   Keep redirected STDIN open: 'False'
[2026-06-10 09:19:17Z INFO ProcessInvokerWrapper]   High priority process: 'True'
[2026-06-10 09:19:17Z INFO ProcessInvokerWrapper] Process started with process id 22284, waiting for process exit.
[2026-06-10 09:19:17Z INFO JobDispatcher] Send job request message to worker for job 5605a230-ce0d-515a-be37-cb4b1a63d4bd.
[2026-06-10 09:19:17Z INFO ProcessChannel] Sending message of length 23807, with hash '97019fafd807dcb36363e532406fcf144e0fac2190f056f361b375d7a4b80372'
[2026-06-10 09:19:17Z INFO JobNotification] Entering JobStarted Notification
[2026-06-10 09:19:17Z INFO JobNotification] Entering StartMonitor
[2026-06-10 09:20:17Z INFO JobDispatcher] Successfully renew job 5605a230-ce0d-515a-be37-cb4b1a63d4bd, job is valid till 10-06-2026 09:30:18
[2026-06-10 09:21:18Z INFO JobDispatcher] Successfully renew job 5605a230-ce0d-515a-be37-cb4b1a63d4bd, job is valid till 10-06-2026 09:31:18
[2026-06-10 09:21:21Z INFO ProcessInvokerWrapper] STDOUT/STDERR stream read finished.
[2026-06-10 09:21:21Z INFO ProcessInvokerWrapper] STDOUT/STDERR stream read finished.
[2026-06-10 09:21:21Z INFO ProcessInvokerWrapper] Finished process 22284 with exit code 102, and elapsed time 00:02:03.9364849.
[2026-06-10 09:21:21Z INFO JobDispatcher] Worker finished for job 5605a230-ce0d-515a-be37-cb4b1a63d4bd. Code: 102
[2026-06-10 09:21:21Z INFO JobDispatcher] finish job request for job 5605a230-ce0d-515a-be37-cb4b1a63d4bd with result: Failed
[2026-06-10 09:21:21Z INFO Terminal] WRITE LINE: 2026-06-10 09:21:21Z: Job deploy completed with result: Failed
[2026-06-10 09:21:21Z INFO JobDispatcher] Stop renew job request for job 5605a230-ce0d-515a-be37-cb4b1a63d4bd.
[2026-06-10 09:21:21Z INFO JobDispatcher] job renew has been cancelled, stop renew job 5605a230-ce0d-515a-be37-cb4b1a63d4bd.
[2026-06-10 09:21:21Z INFO JobNotification] Entering JobCompleted Notification
[2026-06-10 09:21:21Z INFO JobNotification] Entering EndMonitor
[2026-06-10 09:21:21Z INFO BrokerMessageListener] Received job status event. JobState: Online
[2026-06-10 09:21:21Z WARN GitHubActionsService] GET request to https://broker.actions.githubusercontent.com/message?sessionId=0dffcd12-9e34-4104-961b-66b371dcf49c&status=Busy&runnerVersion=2.334.0&os=Windows&architecture=X64&disableUpdate=false has been cancelled.
[2026-06-10 09:21:21Z ERR  BrokerServer] Catch exception during request
[2026-06-10 09:21:21Z ERR  BrokerServer] System.Threading.Tasks.TaskCanceledException: The operation was canceled.
 ---> System.Threading.Tasks.TaskCanceledException: The operation was canceled.
 ---> System.IO.IOException: Unable to read data from the transport connection: The I/O operation has been aborted because of either a thread exit or an application request..
 ---> System.Net.Sockets.SocketException (995): The I/O operation has been aborted because of either a thread exit or an application request.
   --- End of inner exception stack trace ---
   at System.Net.Sockets.Socket.AwaitableSocketAsyncEventArgs.ThrowException(SocketError error, CancellationToken cancellationToken)
   at System.Net.Sockets.Socket.AwaitableSocketAsyncEventArgs.System.Threading.Tasks.Sources.IValueTaskSource<System.Int32>.GetResult(Int16 token)
   at System.Net.Security.SslStream.EnsureFullTlsFrameAsync[TIOAdapter](CancellationToken cancellationToken, Int32 estimatedSize)
   at System.Runtime.CompilerServices.PoolingAsyncValueTaskMethodBuilder`1.StateMachineBox`1.System.Threading.Tasks.Sources.IValueTaskSource<TResult>.GetResult(Int16 token)
   at System.Net.Security.SslStream.ReadAsyncInternal[TIOAdapter](Memory`1 buffer, CancellationToken cancellationToken)
   at System.Runtime.CompilerServices.PoolingAsyncValueTaskMethodBuilder`1.StateMachineBox`1.System.Threading.Tasks.Sources.IValueTaskSource<TResult>.GetResult(Int16 token)
   at System.Net.Http.HttpConnection.SendAsync(HttpRequestMessage request, Boolean async, CancellationToken cancellationToken)
   --- End of inner exception stack trace ---
   at System.Net.Http.HttpConnection.SendAsync(HttpRequestMessage request, Boolean async, CancellationToken cancellationToken)
   at System.Net.Http.AuthenticationHelper.SendWithNtAuthAsync(HttpRequestMessage request, Uri authUri, Boolean async, ICredentials credentials, Boolean isProxyAuth, HttpConnection connection, HttpConnectionPool connectionPool, CancellationToken cancellationToken)
   at System.Net.Http.HttpConnectionPool.SendWithVersionDetectionAndRetryAsync(HttpRequestMessage request, Boolean async, Boolean doRequestAuth, CancellationToken cancellationToken)
   at System.Net.Http.AuthenticationHelper.SendWithAuthAsync(HttpRequestMessage request, Uri authUri, Boolean async, ICredentials credentials, Boolean preAuthenticate, Boolean isProxyAuth, Boolean doRequestAuth, HttpConnectionPool pool, CancellationToken cancellationToken)
   at System.Net.Http.RedirectHandler.SendAsync(HttpRequestMessage request, Boolean async, CancellationToken cancellationToken)
   at GitHub.Services.Common.RawHttpMessageHandler.SendAsync(HttpRequestMessage request, CancellationToken cancellationToken)
   at GitHub.Services.Common.VssHttpRetryMessageHandler.SendAsync(HttpRequestMessage request, CancellationToken cancellationToken)
   at System.Net.Http.HttpClient.<SendAsync>g__Core|83_0(HttpRequestMessage request, HttpCompletionOption completionOption, CancellationTokenSource cts, Boolean disposeCts, CancellationTokenSource pendingRequestsCts, CancellationToken originalCancellationToken)
   --- End of inner exception stack trace ---
   at System.Net.Http.HttpClient.HandleFailure(Exception e, Boolean telemetryStarted, HttpResponseMessage response, CancellationTokenSource cts, CancellationToken cancellationToken, CancellationTokenSource pendingRequestsCts)
   at System.Net.Http.HttpClient.<SendAsync>g__Core|83_0(HttpRequestMessage request, HttpCompletionOption completionOption, CancellationTokenSource cts, Boolean disposeCts, CancellationTokenSource pendingRequestsCts, CancellationToken originalCancellationToken)
   at Sdk.WebApi.WebApi.RawHttpClientBase.SendAsync(HttpRequestMessage message, HttpCompletionOption completionOption, Object userState, CancellationToken cancellationToken)
   at Sdk.WebApi.WebApi.RawHttpClientBase.SendAsync[T](HttpRequestMessage message, Boolean readErrorBody, Object userState, CancellationToken cancellationToken)
   at Sdk.WebApi.WebApi.RawHttpClientBase.SendAsync[T](HttpMethod method, IEnumerable`1 additionalHeaders, Uri requestUri, HttpContent content, IEnumerable`1 queryParameters, Boolean readErrorBody, Object userState, CancellationToken cancellationToken)
   at GitHub.Actions.RunService.WebApi.BrokerHttpClient.GetRunnerMessageAsync(Nullable`1 sessionId, String runnerVersion, Nullable`1 status, String os, String architecture, Nullable`1 disableUpdate, CancellationToken cancellationToken)
   at GitHub.Runner.Common.BrokerServer.<>c__DisplayClass7_0.<<GetRunnerMessageAsync>b__0>d.MoveNext()
--- End of stack trace from previous location ---
   at GitHub.Runner.Common.RunnerService.RetryRequest[T](Func`1 func, CancellationToken cancellationToken, Int32 maxAttempts, Func`2 shouldRetry)
[2026-06-10 09:21:21Z ERR  BrokerServer] #####################################################
[2026-06-10 09:21:21Z ERR  BrokerServer] System.Threading.Tasks.TaskCanceledException: The operation was canceled.
 ---> System.IO.IOException: Unable to read data from the transport connection: The I/O operation has been aborted because of either a thread exit or an application request..
 ---> System.Net.Sockets.SocketException (995): The I/O operation has been aborted because of either a thread exit or an application request.
   --- End of inner exception stack trace ---
   at System.Net.Sockets.Socket.AwaitableSocketAsyncEventArgs.ThrowException(SocketError error, CancellationToken cancellationToken)
   at System.Net.Sockets.Socket.AwaitableSocketAsyncEventArgs.System.Threading.Tasks.Sources.IValueTaskSource<System.Int32>.GetResult(Int16 token)
   at System.Net.Security.SslStream.EnsureFullTlsFrameAsync[TIOAdapter](CancellationToken cancellationToken, Int32 estimatedSize)
   at System.Runtime.CompilerServices.PoolingAsyncValueTaskMethodBuilder`1.StateMachineBox`1.System.Threading.Tasks.Sources.IValueTaskSource<TResult>.GetResult(Int16 token)
   at System.Net.Security.SslStream.ReadAsyncInternal[TIOAdapter](Memory`1 buffer, CancellationToken cancellationToken)
   at System.Runtime.CompilerServices.PoolingAsyncValueTaskMethodBuilder`1.StateMachineBox`1.System.Threading.Tasks.Sources.IValueTaskSource<TResult>.GetResult(Int16 token)
   at System.Net.Http.HttpConnection.SendAsync(HttpRequestMessage request, Boolean async, CancellationToken cancellationToken)
   --- End of inner exception stack trace ---
   at System.Net.Http.HttpConnection.SendAsync(HttpRequestMessage request, Boolean async, CancellationToken cancellationToken)
   at System.Net.Http.AuthenticationHelper.SendWithNtAuthAsync(HttpRequestMessage request, Uri authUri, Boolean async, ICredentials credentials, Boolean isProxyAuth, HttpConnection connection, HttpConnectionPool connectionPool, CancellationToken cancellationToken)
   at System.Net.Http.HttpConnectionPool.SendWithVersionDetectionAndRetryAsync(HttpRequestMessage request, Boolean async, Boolean doRequestAuth, CancellationToken cancellationToken)
   at System.Net.Http.AuthenticationHelper.SendWithAuthAsync(HttpRequestMessage request, Uri authUri, Boolean async, ICredentials credentials, Boolean preAuthenticate, Boolean isProxyAuth, Boolean doRequestAuth, HttpConnectionPool pool, CancellationToken cancellationToken)
   at System.Net.Http.RedirectHandler.SendAsync(HttpRequestMessage request, Boolean async, CancellationToken cancellationToken)
   at GitHub.Services.Common.RawHttpMessageHandler.SendAsync(HttpRequestMessage request, CancellationToken cancellationToken)
   at GitHub.Services.Common.VssHttpRetryMessageHandler.SendAsync(HttpRequestMessage request, CancellationToken cancellationToken)
   at System.Net.Http.HttpClient.<SendAsync>g__Core|83_0(HttpRequestMessage request, HttpCompletionOption completionOption, CancellationTokenSource cts, Boolean disposeCts, CancellationTokenSource pendingRequestsCts, CancellationToken originalCancellationToken)
[2026-06-10 09:21:21Z ERR  BrokerServer] #####################################################
[2026-06-10 09:21:21Z ERR  BrokerServer] System.IO.IOException: Unable to read data from the transport connection: The I/O operation has been aborted because of either a thread exit or an application request..
 ---> System.Net.Sockets.SocketException (995): The I/O operation has been aborted because of either a thread exit or an application request.
   --- End of inner exception stack trace ---
   at System.Net.Sockets.Socket.AwaitableSocketAsyncEventArgs.ThrowException(SocketError error, CancellationToken cancellationToken)
   at System.Net.Sockets.Socket.AwaitableSocketAsyncEventArgs.System.Threading.Tasks.Sources.IValueTaskSource<System.Int32>.GetResult(Int16 token)
   at System.Net.Security.SslStream.EnsureFullTlsFrameAsync[TIOAdapter](CancellationToken cancellationToken, Int32 estimatedSize)
   at System.Runtime.CompilerServices.PoolingAsyncValueTaskMethodBuilder`1.StateMachineBox`1.System.Threading.Tasks.Sources.IValueTaskSource<TResult>.GetResult(Int16 token)
   at System.Net.Security.SslStream.ReadAsyncInternal[TIOAdapter](Memory`1 buffer, CancellationToken cancellationToken)
   at System.Runtime.CompilerServices.PoolingAsyncValueTaskMethodBuilder`1.StateMachineBox`1.System.Threading.Tasks.Sources.IValueTaskSource<TResult>.GetResult(Int16 token)
   at System.Net.Http.HttpConnection.SendAsync(HttpRequestMessage request, Boolean async, CancellationToken cancellationToken)
[2026-06-10 09:21:21Z ERR  BrokerServer] #####################################################
[2026-06-10 09:21:21Z ERR  BrokerServer] System.Net.Sockets.SocketException (995): The I/O operation has been aborted because of either a thread exit or an application request.
[2026-06-10 09:21:21Z WARN BrokerServer] Back off 9.081 seconds before next retry. 4 attempt left.
[2026-06-10 09:21:21Z INFO BrokerMessageListener] Get messages has been cancelled using local token source. Continue to get messages with new status.
[2026-06-10 09:30:59Z INFO BrokerMessageListener] Acknowledging runner request '4611ad07-1764-5876-876d-5b8fb70f494f'.
[2026-06-10 09:30:59Z INFO ConfigurationStore] HasCredentials()
[2026-06-10 09:30:59Z INFO ConfigurationStore] stored True
[2026-06-10 09:30:59Z INFO CredentialManager] GetCredentialProvider
[2026-06-10 09:30:59Z INFO CredentialManager] Creating type OAuth
[2026-06-10 09:30:59Z INFO CredentialManager] Creating credential type: OAuth
[2026-06-10 09:30:59Z INFO RSAEncryptedFileKeyManager] Loading RSA key parameters from file C:\zaltix\day1-task\zero-downtime-demo-\actions-runner\.credentials_rsaparams
[2026-06-10 09:30:59Z INFO RSAEncryptedFileKeyManager] Loading RSA key parameters from file C:\zaltix\day1-task\zero-downtime-demo-\actions-runner\.credentials_rsaparams
[2026-06-10 09:30:59Z INFO RSAEncryptedFileKeyManager] Loading RSA key parameters from file C:\zaltix\day1-task\zero-downtime-demo-\actions-runner\.credentials_rsaparams
[2026-06-10 09:31:21Z INFO GitHubActionsService] AAD Correlation ID for this token request: Unknown
[2026-06-10 09:31:21Z WARN GitHubActionsService] Retrieving an AAD auth token took a long time (22.0238383 seconds)
[2026-06-10 09:31:24Z INFO JobDispatcher] Job request 0 for plan 1bce0c7f-54b5-44f3-836a-6e529b13e81e job 4611ad07-1764-5876-876d-5b8fb70f494f received.
[2026-06-10 09:31:24Z INFO JobDispatcher] Pull OrchestrationId 1bce0c7f-54b5-44f3-836a-6e529b13e81e.deploy.__default from JWT claims
[2026-06-10 09:31:24Z INFO BrokerMessageListener] Received job status event. JobState: Busy
[2026-06-10 09:31:24Z INFO BrokerMessageListener] _getMessagesTokenSource is already disposed.
[2026-06-10 09:31:24Z INFO JobDispatcher] Job request 5605a230-ce0d-515a-be37-cb4b1a63d4bd processed succeed.
[2026-06-10 09:31:24Z INFO Terminal] WRITE LINE: 2026-06-10 09:31:24Z: Running job: deploy
[2026-06-10 09:31:24Z INFO JobDispatcher] Start renew job request 0 for job 4611ad07-1764-5876-876d-5b8fb70f494f.
[2026-06-10 09:31:25Z INFO JobDispatcher] Successfully renew job 4611ad07-1764-5876-876d-5b8fb70f494f, job is valid till 10-06-2026 09:41:25
[2026-06-10 09:31:25Z INFO HostContext] Well known directory 'Bin': 'C:\zaltix\day1-task\zero-downtime-demo-\actions-runner\bin'
[2026-06-10 09:31:25Z INFO ProcessInvokerWrapper] Starting process:
[2026-06-10 09:31:25Z INFO ProcessInvokerWrapper]   File name: 'C:\zaltix\day1-task\zero-downtime-demo-\actions-runner\bin\Runner.Worker.exe'
[2026-06-10 09:31:25Z INFO ProcessInvokerWrapper]   Arguments: 'spawnclient 1464 580'
[2026-06-10 09:31:25Z INFO ProcessInvokerWrapper]   Working directory: 'C:\zaltix\day1-task\zero-downtime-demo-\actions-runner\bin'
[2026-06-10 09:31:25Z INFO ProcessInvokerWrapper]   Require exit code zero: 'False'
[2026-06-10 09:31:25Z INFO ProcessInvokerWrapper]   Encoding web name:  ; code page: ''
[2026-06-10 09:31:25Z INFO ProcessInvokerWrapper]   Force kill process on cancellation: 'True'
[2026-06-10 09:31:25Z INFO ProcessInvokerWrapper]   Redirected STDIN: 'False'
[2026-06-10 09:31:25Z INFO ProcessInvokerWrapper]   Persist current code page: 'False'
[2026-06-10 09:31:25Z INFO ProcessInvokerWrapper]   Keep redirected STDIN open: 'False'
[2026-06-10 09:31:25Z INFO ProcessInvokerWrapper]   High priority process: 'True'
[2026-06-10 09:31:25Z INFO ProcessInvokerWrapper] Process started with process id 9372, waiting for process exit.
[2026-06-10 09:31:25Z INFO JobDispatcher] Send job request message to worker for job 4611ad07-1764-5876-876d-5b8fb70f494f.
[2026-06-10 09:31:25Z INFO ProcessChannel] Sending message of length 24061, with hash '17cf29b9a196e8243ddf4db41e2aebfde44d0c5f8ade5046774f7d1e0f2f752c'
[2026-06-10 09:31:25Z INFO JobNotification] Entering JobStarted Notification
[2026-06-10 09:31:25Z INFO JobNotification] Entering StartMonitor
[2026-06-10 09:32:00Z INFO ProcessInvokerWrapper] STDOUT/STDERR stream read finished.
[2026-06-10 09:32:00Z INFO ProcessInvokerWrapper] STDOUT/STDERR stream read finished.
[2026-06-10 09:32:00Z INFO ProcessInvokerWrapper] Finished process 9372 with exit code 102, and elapsed time 00:00:35.6851185.
[2026-06-10 09:32:00Z INFO JobDispatcher] Worker finished for job 4611ad07-1764-5876-876d-5b8fb70f494f. Code: 102
[2026-06-10 09:32:00Z INFO JobDispatcher] finish job request for job 4611ad07-1764-5876-876d-5b8fb70f494f with result: Failed
[2026-06-10 09:32:00Z INFO Terminal] WRITE LINE: 2026-06-10 09:32:00Z: Job deploy completed with result: Failed
[2026-06-10 09:32:00Z INFO JobDispatcher] Stop renew job request for job 4611ad07-1764-5876-876d-5b8fb70f494f.
[2026-06-10 09:32:00Z INFO JobDispatcher] job renew has been cancelled, stop renew job 4611ad07-1764-5876-876d-5b8fb70f494f.
[2026-06-10 09:32:00Z INFO JobNotification] Entering JobCompleted Notification
[2026-06-10 09:32:00Z INFO JobNotification] Entering EndMonitor
[2026-06-10 09:32:00Z INFO BrokerMessageListener] Received job status event. JobState: Online
[2026-06-10 09:32:00Z WARN GitHubActionsService] GET request to https://broker.actions.githubusercontent.com/message?sessionId=0dffcd12-9e34-4104-961b-66b371dcf49c&status=Busy&runnerVersion=2.334.0&os=Windows&architecture=X64&disableUpdate=false has been cancelled.
[2026-06-10 09:32:00Z ERR  BrokerServer] Catch exception during request
[2026-06-10 09:32:00Z ERR  BrokerServer] System.Threading.Tasks.TaskCanceledException: The operation was canceled.
 ---> System.Threading.Tasks.TaskCanceledException: The operation was canceled.
 ---> System.IO.IOException: Unable to read data from the transport connection: The I/O operation has been aborted because of either a thread exit or an application request..
 ---> System.Net.Sockets.SocketException (995): The I/O operation has been aborted because of either a thread exit or an application request.
   --- End of inner exception stack trace ---
   at System.Net.Sockets.Socket.AwaitableSocketAsyncEventArgs.System.Threading.Tasks.Sources.IValueTaskSource<System.Int32>.GetResult(Int16 token)
   at System.Net.Security.SslStream.EnsureFullTlsFrameAsync[TIOAdapter](CancellationToken cancellationToken, Int32 estimatedSize)
   at System.Runtime.CompilerServices.PoolingAsyncValueTaskMethodBuilder`1.StateMachineBox`1.System.Threading.Tasks.Sources.IValueTaskSource<TResult>.GetResult(Int16 token)
   at System.Net.Security.SslStream.ReadAsyncInternal[TIOAdapter](Memory`1 buffer, CancellationToken cancellationToken)
   at System.Runtime.CompilerServices.PoolingAsyncValueTaskMethodBuilder`1.StateMachineBox`1.System.Threading.Tasks.Sources.IValueTaskSource<TResult>.GetResult(Int16 token)
   at System.Net.Http.HttpConnection.<EnsureReadAheadTaskHasStarted>g__ReadAheadWithZeroByteReadAsync|40_0()
   at System.Net.Http.HttpConnection.SendAsync(HttpRequestMessage request, Boolean async, CancellationToken cancellationToken)
   --- End of inner exception stack trace ---
   at System.Net.Http.HttpConnection.SendAsync(HttpRequestMessage request, Boolean async, CancellationToken cancellationToken)
   at System.Net.Http.AuthenticationHelper.SendWithNtAuthAsync(HttpRequestMessage request, Uri authUri, Boolean async, ICredentials credentials, Boolean isProxyAuth, HttpConnection connection, HttpConnectionPool connectionPool, CancellationToken cancellationToken)
   at System.Net.Http.HttpConnectionPool.SendWithVersionDetectionAndRetryAsync(HttpRequestMessage request, Boolean async, Boolean doRequestAuth, CancellationToken cancellationToken)
   at System.Net.Http.AuthenticationHelper.SendWithAuthAsync(HttpRequestMessage request, Uri authUri, Boolean async, ICredentials credentials, Boolean preAuthenticate, Boolean isProxyAuth, Boolean doRequestAuth, HttpConnectionPool pool, CancellationToken cancellationToken)
   at System.Net.Http.RedirectHandler.SendAsync(HttpRequestMessage request, Boolean async, CancellationToken cancellationToken)
   at GitHub.Services.Common.RawHttpMessageHandler.SendAsync(HttpRequestMessage request, CancellationToken cancellationToken)
   at GitHub.Services.Common.VssHttpRetryMessageHandler.SendAsync(HttpRequestMessage request, CancellationToken cancellationToken)
   at System.Net.Http.HttpClient.<SendAsync>g__Core|83_0(HttpRequestMessage request, HttpCompletionOption completionOption, CancellationTokenSource cts, Boolean disposeCts, CancellationTokenSource pendingRequestsCts, CancellationToken originalCancellationToken)
   --- End of inner exception stack trace ---
   at System.Net.Http.HttpClient.HandleFailure(Exception e, Boolean telemetryStarted, HttpResponseMessage response, CancellationTokenSource cts, CancellationToken cancellationToken, CancellationTokenSource pendingRequestsCts)
   at System.Net.Http.HttpClient.<SendAsync>g__Core|83_0(HttpRequestMessage request, HttpCompletionOption completionOption, CancellationTokenSource cts, Boolean disposeCts, CancellationTokenSource pendingRequestsCts, CancellationToken originalCancellationToken)
   at Sdk.WebApi.WebApi.RawHttpClientBase.SendAsync(HttpRequestMessage message, HttpCompletionOption completionOption, Object userState, CancellationToken cancellationToken)
   at Sdk.WebApi.WebApi.RawHttpClientBase.SendAsync[T](HttpRequestMessage message, Boolean readErrorBody, Object userState, CancellationToken cancellationToken)
   at Sdk.WebApi.WebApi.RawHttpClientBase.SendAsync[T](HttpMethod method, IEnumerable`1 additionalHeaders, Uri requestUri, HttpContent content, IEnumerable`1 queryParameters, Boolean readErrorBody, Object userState, CancellationToken cancellationToken)
   at GitHub.Actions.RunService.WebApi.BrokerHttpClient.GetRunnerMessageAsync(Nullable`1 sessionId, String runnerVersion, Nullable`1 status, String os, String architecture, Nullable`1 disableUpdate, CancellationToken cancellationToken)
   at GitHub.Runner.Common.BrokerServer.<>c__DisplayClass7_0.<<GetRunnerMessageAsync>b__0>d.MoveNext()
--- End of stack trace from previous location ---
   at GitHub.Runner.Common.RunnerService.RetryRequest[T](Func`1 func, CancellationToken cancellationToken, Int32 maxAttempts, Func`2 shouldRetry)
[2026-06-10 09:32:00Z ERR  BrokerServer] #####################################################
[2026-06-10 09:32:00Z ERR  BrokerServer] System.Threading.Tasks.TaskCanceledException: The operation was canceled.
 ---> System.IO.IOException: Unable to read data from the transport connection: The I/O operation has been aborted because of either a thread exit or an application request..
 ---> System.Net.Sockets.SocketException (995): The I/O operation has been aborted because of either a thread exit or an application request.
   --- End of inner exception stack trace ---
   at System.Net.Sockets.Socket.AwaitableSocketAsyncEventArgs.System.Threading.Tasks.Sources.IValueTaskSource<System.Int32>.GetResult(Int16 token)
   at System.Net.Security.SslStream.EnsureFullTlsFrameAsync[TIOAdapter](CancellationToken cancellationToken, Int32 estimatedSize)
   at System.Runtime.CompilerServices.PoolingAsyncValueTaskMethodBuilder`1.StateMachineBox`1.System.Threading.Tasks.Sources.IValueTaskSource<TResult>.GetResult(Int16 token)
   at System.Net.Security.SslStream.ReadAsyncInternal[TIOAdapter](Memory`1 buffer, CancellationToken cancellationToken)
   at System.Runtime.CompilerServices.PoolingAsyncValueTaskMethodBuilder`1.StateMachineBox`1.System.Threading.Tasks.Sources.IValueTaskSource<TResult>.GetResult(Int16 token)
   at System.Net.Http.HttpConnection.<EnsureReadAheadTaskHasStarted>g__ReadAheadWithZeroByteReadAsync|40_0()
   at System.Net.Http.HttpConnection.SendAsync(HttpRequestMessage request, Boolean async, CancellationToken cancellationToken)
   --- End of inner exception stack trace ---
   at System.Net.Http.HttpConnection.SendAsync(HttpRequestMessage request, Boolean async, CancellationToken cancellationToken)
   at System.Net.Http.AuthenticationHelper.SendWithNtAuthAsync(HttpRequestMessage request, Uri authUri, Boolean async, ICredentials credentials, Boolean isProxyAuth, HttpConnection connection, HttpConnectionPool connectionPool, CancellationToken cancellationToken)
   at System.Net.Http.HttpConnectionPool.SendWithVersionDetectionAndRetryAsync(HttpRequestMessage request, Boolean async, Boolean doRequestAuth, CancellationToken cancellationToken)
   at System.Net.Http.AuthenticationHelper.SendWithAuthAsync(HttpRequestMessage request, Uri authUri, Boolean async, ICredentials credentials, Boolean preAuthenticate, Boolean isProxyAuth, Boolean doRequestAuth, HttpConnectionPool pool, CancellationToken cancellationToken)
   at System.Net.Http.RedirectHandler.SendAsync(HttpRequestMessage request, Boolean async, CancellationToken cancellationToken)
   at GitHub.Services.Common.RawHttpMessageHandler.SendAsync(HttpRequestMessage request, CancellationToken cancellationToken)
   at GitHub.Services.Common.VssHttpRetryMessageHandler.SendAsync(HttpRequestMessage request, CancellationToken cancellationToken)
   at System.Net.Http.HttpClient.<SendAsync>g__Core|83_0(HttpRequestMessage request, HttpCompletionOption completionOption, CancellationTokenSource cts, Boolean disposeCts, CancellationTokenSource pendingRequestsCts, CancellationToken originalCancellationToken)
[2026-06-10 09:32:00Z ERR  BrokerServer] #####################################################
[2026-06-10 09:32:00Z ERR  BrokerServer] System.IO.IOException: Unable to read data from the transport connection: The I/O operation has been aborted because of either a thread exit or an application request..
 ---> System.Net.Sockets.SocketException (995): The I/O operation has been aborted because of either a thread exit or an application request.
   --- End of inner exception stack trace ---
   at System.Net.Sockets.Socket.AwaitableSocketAsyncEventArgs.System.Threading.Tasks.Sources.IValueTaskSource<System.Int32>.GetResult(Int16 token)
   at System.Net.Security.SslStream.EnsureFullTlsFrameAsync[TIOAdapter](CancellationToken cancellationToken, Int32 estimatedSize)
   at System.Runtime.CompilerServices.PoolingAsyncValueTaskMethodBuilder`1.StateMachineBox`1.System.Threading.Tasks.Sources.IValueTaskSource<TResult>.GetResult(Int16 token)
   at System.Net.Security.SslStream.ReadAsyncInternal[TIOAdapter](Memory`1 buffer, CancellationToken cancellationToken)
   at System.Runtime.CompilerServices.PoolingAsyncValueTaskMethodBuilder`1.StateMachineBox`1.System.Threading.Tasks.Sources.IValueTaskSource<TResult>.GetResult(Int16 token)
   at System.Net.Http.HttpConnection.<EnsureReadAheadTaskHasStarted>g__ReadAheadWithZeroByteReadAsync|40_0()
   at System.Net.Http.HttpConnection.SendAsync(HttpRequestMessage request, Boolean async, CancellationToken cancellationToken)
[2026-06-10 09:32:00Z ERR  BrokerServer] #####################################################
[2026-06-10 09:32:00Z ERR  BrokerServer] System.Net.Sockets.SocketException (995): The I/O operation has been aborted because of either a thread exit or an application request.
[2026-06-10 09:32:00Z WARN BrokerServer] Back off 12.274 seconds before next retry. 4 attempt left.
[2026-06-10 09:32:00Z INFO BrokerMessageListener] Get messages has been cancelled using local token source. Continue to get messages with new status.
